<?xml version="1.0" encoding="UTF-8"?>
<testsuite xmlns:xsi="http://www.w3.org/2001/XMLSchema-instance" xsi:noNamespaceSchemaLocation="https://maven.apache.org/surefire/maven-surefire-plugin/xsd/surefire-test-report.xsd" version="3.0.1" name="com.mycompany.app.AppTest" time="0.538" tests="48" errors="0" skipped="0" failures="0">
  <properties>
[...]
</properties>
  <testcase name="testUtility_PrintCharArray" classname="com.mycompany.app.AppTest" time="0.046"/>
  <testcase name="testGameFlow_XWins" classname="com.mycompany.app.AppTest" time="0.006"/>
  <testcase name="testEvaluatePosition_XWin_PlayerO" classname="com.mycompany.app.AppTest" time="0.001"/>
  <testcase name="testEvaluatePosition_XWin_PlayerX" classname="com.mycompany.app.AppTest" time="0.001"/>
  <testcase name="testCheckState_WithSpaces" classname="com.mycompany.app.AppTest" time="0.001"/>
  <testcase name="testStateEnum" classname="com.mycompany.app.AppTest" time="0.002"/>
  <testcase name="testCheckState_PartiallyFilledBoard" classname="com.mycompany.app.AppTest" time="0.001"/>
  <testcase name="testTicTacToeCell_SetMarker" classname="com.mycompany.app.AppTest" time="0.131"/>
  <testcase name="testInfConstant" classname="com.mycompany.app.AppTest" time="0.002"/>
  <testcase name="testGameConstructor_BoardInitialized" classname="com.mycompany.app.AppTest" time="0.002"/>
  <testcase name="testUtility_PrintArrayList" classname="com.mycompany.app.AppTest" time="0.002"/>
  <testcase name="testTicTacToeCell_GetMarker" classname="com.mycompany.app.AppTest" time="0.002"/>
  <testcase name="testGenerateMoves_FullBoard" classname="com.mycompany.app.AppTest" time="0.002"/>
  <testcase name="testCheckState_EmptyBoard" classname="com.mycompany.app.AppTest" time="0.001"/>
  <testcase name="testUtility_PrintIntArray" classname="com.mycompany.app.AppTest" time="0.003"/>
  <testcase name="testMaxMove_TerminalPosition" classname="com.mycompany.app.AppTest" time="0.002"/>
  <testcase name="testMinMove_TerminalPosition" classname="com.mycompany.app.AppTest" time="0.001"/>
  <testcase name="testTicTacToeCell_Constructor" classname="com.mycompany.app.AppTest" time="0.002"/>
  <testcase name="testMinMove_NonTerminal" classname="com.mycompany.app.AppTest" time="0.004"/>
  <testcase name="testMaxMove_NonTerminal" classname="com.mycompany.app.AppTest" time="0.002"/>
  <testcase name="testPlayerFields" classname="com.mycompany.app.AppTest" time="0.001"/>
  <testcase name="testEvaluatePosition_Ongoing" classname="com.mycompany.app.AppTest" time="0.002"/>
  <testcase name="testTicTacToeCell_Positions" classname="com.mycompany.app.AppTest" time="0.002"/>
  <testcase name="testGameConstructor_PlayersInitialized" classname="com.mycompany.app.AppTest" time="0.002"/>
  <testcase name="testCheckState_Draw" classname="com.mycompany.app.AppTest" time="0.001"/>
  <testcase name="testCheckState_OWin(int, int, int, char)[1]" classname="com.mycompany.app.AppTest" time="0.048"/>
  <testcase name="testCheckState_OWin(int, int, int, char)[2]" classname="com.mycompany.app.AppTest" time="0.002"/>
  <testcase name="testCheckState_OWin(int, int, int, char)[3]" classname="com.mycompany.app.AppTest" time="0.002"/>
  <testcase name="testCheckState_OWin(int, int, int, char)[4]" classname="com.mycompany.app.AppTest" time="0.002"/>
  <testcase name="testCheckState_OWin(int, int, int, char)[5]" classname="com.mycompany.app.AppTest" time="0.002"/>
  <testcase name="testCheckState_OWin(int, int, int, char)[6]" classname="com.mycompany.app.AppTest" time="0.002"/>
  <testcase name="testCheckState_OWin(int, int, int, char)[7]" classname="com.mycompany.app.AppTest" time="0.002"/>
  <testcase name="testCheckState_OWin(int, int, int, char)[8]" classname="com.mycompany.app.AppTest" time="0.002"/>
  <testcase name="testCheckState_XWin(int, int, int, char)[1]" classname="com.mycompany.app.AppTest" time="0.002"/>
  <testcase name="testCheckState_XWin(int, int, int, char)[2]" classname="com.mycompany.app.AppTest" time="0.002"/>
  <testcase name="testCheckState_XWin(int, int, int, char)[3]" classname="com.mycompany.app.AppTest" time="0.001"/>
  <testcase name="testCheckState_XWin(int, int, int, char)[4]" classname="com.mycompany.app.AppTest" time="0.002"/>
  <testcase name="testCheckState_XWin(int, int, int, char)[5]" classname="com.mycompany.app.AppTest" time="0.002"/>
  <testcase name="testCheckState_XWin(int, int, int, char)[6]" classname="com.mycompany.app.AppTest" time="0.002"/>
  <testcase name="testCheckState_XWin(int, int, int, char)[7]" classname="com.mycompany.app.AppTest" time="0.002"/>
  <testcase name="testCheckState_XWin(int, int, int, char)[8]" classname="com.mycompany.app.AppTest" time="0.002"/>
  <testcase name="testGameFlow_Draw" classname="com.mycompany.app.AppTest" time="0.002"/>
  <testcase name="testEvaluatePosition_Draw" classname="com.mycompany.app.AppTest" time="0.002"/>
  <testcase name="testGenerateMoves_EmptyBoard" classname="com.mycompany.app.AppTest" time="0.002"/>
  <testcase name="testEvaluatePosition_OWin_PlayerO" classname="com.mycompany.app.AppTest" time="0.001"/>
  <testcase name="testEvaluatePosition_OWin_PlayerX" classname="com.mycompany.app.AppTest" time="0.001"/>
  <testcase name="testGenerateMoves_PartialBoard" classname="com.mycompany.app.AppTest" time="0.001"/>
  <testcase name="testGameConstructor_StateInitialized" classname="com.mycompany.app.AppTest" time="0.002"/>
</testsuite>